Determining if the pthread_create exist failed with the following output:
Change Dir: /usr/src/crowapp/build/CMakeFiles/CMakeTmp

Run Build Command:"/usr/bin/make" "cmTC_b9f6a/fast"
/usr/bin/make -f CMakeFiles/cmTC_b9f6a.dir/build.make CMakeFiles/cmTC_b9f6a.dir/build
make[1]: Entering directory '/usr/src/crowapp/build/CMakeFiles/CMakeTmp'
Building C object CMakeFiles/cmTC_b9f6a.dir/CheckSymbolExists.c.o
/usr/bin/cc     -o CMakeFiles/cmTC_b9f6a.dir/CheckSymbolExists.c.o   -c /usr/src/crowapp/build/CMakeFiles/CMakeTmp/CheckSymbolExists.c
Linking C executable cmTC_b9f6a
/usr/bin/cmake -E cmake_link_script CMakeFiles/cmTC_b9f6a.dir/link.txt --verbose=1
/usr/bin/cc       CMakeFiles/cmTC_b9f6a.dir/CheckSymbolExists.c.o  -o cmTC_b9f6a 
CMakeFiles/cmTC_b9f6a.dir/CheckSymbolExists.c.o: In function `main':
CheckSymbolExists.c:(.text+0x16): undefined reference to `pthread_create'
collect2: error: ld returned 1 exit status
CMakeFiles/cmTC_b9f6a.dir/build.make:97: recipe for target 'cmTC_b9f6a' failed
make[1]: *** [cmTC_b9f6a] Error 1
make[1]: Leaving directory '/usr/src/crowapp/build/CMakeFiles/CMakeTmp'
Makefile:126: recipe for target 'cmTC_b9f6a/fast' failed
make: *** [cmTC_b9f6a/fast] Error 2

File /usr/src/crowapp/build/CMakeFiles/CMakeTmp/CheckSymbolExists.c:
/* */
#include <pthread.h>

int main(int argc, char** argv)
{
  (void)argv;
#ifndef pthread_create
  return ((int*)(&pthread_create))[argc];
#else
  (void)argc;
  return 0;
#endif
}

Determining if the function pthread_create exists in the pthreads failed with the following output:
Change Dir: /usr/src/crowapp/build/CMakeFiles/CMakeTmp

Run Build Command:"/usr/bin/make" "cmTC_f7571/fast"
/usr/bin/make -f CMakeFiles/cmTC_f7571.dir/build.make CMakeFiles/cmTC_f7571.dir/build
make[1]: Entering directory '/usr/src/crowapp/build/CMakeFiles/CMakeTmp'
Building C object CMakeFiles/cmTC_f7571.dir/CheckFunctionExists.c.o
/usr/bin/cc    -DCHECK_FUNCTION_EXISTS=pthread_create   -o CMakeFiles/cmTC_f7571.dir/CheckFunctionExists.c.o   -c /usr/share/cmake-3.7/Modules/CheckFunctionExists.c
Linking C executable cmTC_f7571
/usr/bin/cmake -E cmake_link_script CMakeFiles/cmTC_f7571.dir/link.txt --verbose=1
/usr/bin/cc   -DCHECK_FUNCTION_EXISTS=pthread_create    CMakeFiles/cmTC_f7571.dir/CheckFunctionExists.c.o  -o cmTC_f7571 -lpthreads 
/usr/bin/ld: cannot find -lpthreads
collect2: error: ld returned 1 exit status
CMakeFiles/cmTC_f7571.dir/build.make:97: recipe for target 'cmTC_f7571' failed
make[1]: *** [cmTC_f7571] Error 1
make[1]: Leaving directory '/usr/src/crowapp/build/CMakeFiles/CMakeTmp'
Makefile:126: recipe for target 'cmTC_f7571/fast' failed
make: *** [cmTC_f7571/fast] Error 2


